<?xml version="1.0" encoding="UTF-8"?>
<!-- Generated by org.testng.reporters.JUnitReportReporter -->
<testsuite skipped="0" hostname="DESKTOP-RTQHL3J" name="practise.ParallelTestExecution" tests="2" failures="0" timestamp="04 Mar 2022 12:31:54 GMT" time="31.550" errors="0">
  <testcase name="f" time="15.021" classname="practise.ParallelTestExecution"/>
  <testcase name="f" time="16.529" classname="practise.ParallelTestExecution"/>
</testsuite> <!-- practise.ParallelTestExecution -->
