<?xml version="1.0" encoding="UTF-8"?>
<!-- Generated by org.testng.reporters.JUnitReportReporter -->
<testsuite skipped="0" hostname="DESKTOP-RTQHL3J" name="day6.ExtentReportTest" tests="1" failures="0" timestamp="03 Mar 2022 13:17:16 GMT" time="2.452" errors="0">
  <testcase name="LoginTC" time="2.452" classname="day6.ExtentReportTest"/>
</testsuite> <!-- day6.ExtentReportTest -->
