<?xml version="1.0" encoding="UTF-8"?>
<!-- Generated by org.testng.reporters.JUnitReportReporter -->
<testsuite skipped="1" hostname="DESKTOP-RTQHL3J" name="day5.TestNGExercise2" tests="2" failures="0" timestamp="02 Mar 2022 09:10:25 GMT" time="3.330" errors="0">
  <testcase name="LoginTestcase" time="3.330" classname="day5.TestNGExercise2"/>
  <testcase name="FlightTestcase" classname="day5.TestNGExercise2">
    <skipped/>
  </testcase> <!-- FlightTestcase -->
</testsuite> <!-- day5.TestNGExercise2 -->
