<?xml version="1.0" encoding="UTF-8"?>
<!-- Generated by org.testng.reporters.JUnitReportReporter -->
<testsuite skipped="0" hostname="DESKTOP-RTQHL3J" name="day6.ExtentReportTest1" tests="2" failures="0" timestamp="03 Mar 2022 13:39:19 GMT" time="11.945" errors="0">
  <testcase name="LoginTC2" time="6.226" classname="day6.ExtentReportTest1"/>
  <testcase name="LoginTC1" time="5.719" classname="day6.ExtentReportTest1"/>
</testsuite> <!-- day6.ExtentReportTest1 -->
