<?xml version="1.0" encoding="UTF-8"?>
<!-- Generated by org.testng.reporters.JUnitReportReporter -->
<testsuite skipped="0" hostname="DESKTOP-RTQHL3J" name="day5.DataProviderWithInput" tests="4" failures="0" timestamp="02 Mar 2022 10:36:24 GMT" time="48.132" errors="0">
  <testcase name="LoginTest" time="15.232" classname="day5.DataProviderWithInput"/>
  <testcase name="LoginTest" time="10.371" classname="day5.DataProviderWithInput"/>
  <testcase name="LoginTest" time="11.823" classname="day5.DataProviderWithInput"/>
  <testcase name="LoginTest" time="10.706" classname="day5.DataProviderWithInput"/>
</testsuite> <!-- day5.DataProviderWithInput -->
