<?xml version="1.0" encoding="UTF-8"?>
<!-- Generated by org.testng.reporters.JUnitReportReporter -->
<testsuite skipped="0" hostname="DESKTOP-RTQHL3J" name="day5.NewTest" tests="2" failures="0" timestamp="02 Mar 2022 09:10:25 GMT" time="0.013" errors="0">
  <testcase name="Testcase1" time="0.008" classname="day5.NewTest"/>
  <testcase name="Testcase2" time="0.005" classname="day5.NewTest"/>
</testsuite> <!-- day5.NewTest -->
